E:\huanshijie\1.6\RimWorld\Mods\ZuoYao_RavenRace\Defs\Features\FusangOrganization\Ideology/StoryPatterns_Fusang.xml: unknown parse failure
UnityEngine.StackTraceUtility:ExtractStackTrace ()
Verse.Log:Error (string)
Verse.LoadedModManager:CombineIntoUnifiedXML (System.Collections.Generic.List`1<Verse.LoadableXmlAsset>,System.Collections.Generic.Dictionary`2<System.Xml.XmlNode, Verse.LoadableXmlAsset>)
Verse.LoadedModManager:LoadAllActiveMods (bool)
Verse.PlayDataLoader:DoPlayLoad ()
Verse.PlayDataLoader:LoadAllPlayData (bool)
Verse.Root/<>c:<Start>b__10_1 ()
Verse.LongEventHandler:RunEventFromAnotherThread (System.Action)
Verse.LongEventHandler/<>c:<UpdateCurrentAsynchronousEvent>b__28_0 ()
System.Threading.ThreadHelper:ThreadStart_Context (object)
System.Threading.ExecutionContext:RunInternal (System.Threading.ExecutionContext,System.Threading.ContextCallback,object,bool)
System.Threading.ExecutionContext:Run (System.Threading.ExecutionContext,System.Threading.ContextCallback,object,bool)
System.Threading.ExecutionContext:Run (System.Threading.ExecutionContext,System.Threading.ContextCallback,object)
System.Threading.ThreadHelper:ThreadStart ()

Config error in Structure_GoldenCrow: descriptionMaker pattern has null def.
UnityEngine.StackTraceUtility:ExtractStackTrace ()
Verse.Log:Error (string)
Verse.DefDatabase`1<RimWorld.MemeDef>:ErrorCheckAllDefs ()
System.Reflection.RuntimeMethodInfo:Invoke (object,System.Reflection.BindingFlags,System.Reflection.Binder,object[],System.Globalization.CultureInfo)
System.Reflection.MethodBase:Invoke (object,object[])
Verse.GenGeneric:InvokeStaticMethodOnGenericType (System.Type,System.Type,string)
Verse.PlayDataLoader/<>c:<DoPlayLoad>b__4_1 (System.Type)
System.Threading.Tasks.Parallel/<>c__DisplayClass33_0`2<System.Type, object>:<ForEachWorker>b__0 (int)
System.Threading.Tasks.Parallel/<>c__DisplayClass19_0`1<object>:<ForWorker>b__1 (System.Threading.Tasks.RangeWorker&,int,bool&)
System.Threading.Tasks.TaskReplicator/Replica`1<System.Threading.Tasks.RangeWorker>:ExecuteAction (bool&)
System.Threading.Tasks.TaskReplicator/Replica:Execute ()
System.Threading.Tasks.TaskReplicator/Replica/<>c:<.ctor>b__4_0 (object)
System.Threading.Tasks.Task:InnerInvoke ()
System.Threading.Tasks.Task:Execute ()
System.Threading.Tasks.Task:ExecutionContextCallback (object)
System.Threading.ExecutionContext:RunInternal (System.Threading.ExecutionContext,System.Threading.ContextCallback,object,bool)
System.Threading.ExecutionContext:Run (System.Threading.ExecutionContext,System.Threading.ContextCallback,object,bool)
System.Threading.Tasks.Task:ExecuteWithThreadLocal (System.Threading.Tasks.Task&)
System.Threading.Tasks.Task:ExecuteEntry (bool)
System.Threading.Tasks.Task:System.Threading.IThreadPoolWorkItem.ExecuteWorkItem ()
System.Threading.ThreadPoolWorkQueue:Dispatch ()
System.Threading._ThreadPoolWaitCallback:PerformWaitCallback ()
